<?xml version="1.0" encoding="UTF-8"?>
<!-- Generated by org.testng.reporters.JUnitReportReporter -->
<testsuite skipped="1" hostname="sailakshmi-PC" name="com.qa.testcases.HomePageTest" tests="4" failures="0" timestamp="14 Jul 2019 13:54:46 GMT" time="87.419" errors="0">
  <testcase name="verifyHomePageHeaderTest" time="29.111" classname="com.qa.testcases.HomePageTest"/>
  <testcase name="verifyContactsLinkTest" time="35.244" classname="com.qa.testcases.HomePageTest"/>
  <testcase name="verifyHomePageTitleTest" time="23.064" classname="com.qa.testcases.HomePageTest"/>
  <testcase name="verifyDealsLinkTest" classname="com.qa.testcases.HomePageTest">
    <skipped/>
  </testcase> <!-- verifyDealsLinkTest -->
</testsuite> <!-- com.qa.testcases.HomePageTest -->
