<?xml version="1.0" encoding="UTF-8"?>
<!-- Generated by org.testng.reporters.JUnitReportReporter -->
<testsuite skipped="0" hostname="sailakshmi-PC" name="com.qa.testcases.LoginPageTest" tests="3" failures="0" timestamp="14 Jul 2019 15:05:35 GMT" time="84.801" errors="0">
  <testcase name="verifySignUpLinkTest" time="13.123" classname="com.qa.testcases.LoginPageTest"/>
  <testcase name="verifyLoginPageTitleTest" time="54.400" classname="com.qa.testcases.LoginPageTest"/>
  <testcase name="loginCorrectCredentialsTest" time="17.278" classname="com.qa.testcases.LoginPageTest"/>
</testsuite> <!-- com.qa.testcases.LoginPageTest -->
